<?xml version="1.0" encoding="UTF-8"?>
<!-- Generated by org.testng.reporters.JUnitXMLReporter -->
<testsuite ignored="0" hostname="RIT-L002.rit.va" failures="1" tests="1" name="WorkPageTest" time="7.885" errors="0" timestamp="2020-04-21T12:18:14 MSK">
  <testcase classname="WorkPageTest" name="checkLinkAvailability" time="6.876">
    <failure type="java.lang.AssertionError" message="check the link http://infopark.by/news/2010/11/25/art response code: 403 expected [true] but found [false]">
      <![CDATA[java.lang.AssertionError: check the link http://infopark.by/news/2010/11/25/art response code: 403 expected [true] but found [false]
at WorkPageTest.lambda$checkLinkAvailability$0(WorkPageTest.java:29)
at java.base/java.util.ArrayList.forEach(ArrayList.java:1540)
at WorkPageTest.checkLinkAvailability(WorkPageTest.java:29)
at java.base/java.util.ArrayList.forEach(ArrayList.java:1540)
... Removed 33 stack frames]]>
    </failure>
  </testcase> <!-- checkLinkAvailability -->
</testsuite> <!-- WorkPageTest -->
