<?xml version="1.0" encoding="UTF-8"?>
<testsuite xmlns:xsi="http://www.w3.org/2001/XMLSchema-instance" xsi:noNamespaceSchemaLocation="https://maven.apache.org/surefire/maven-surefire-plugin/xsd/surefire-test-report.xsd" name="TestSuite" time="21.072" tests="3" errors="0" skipped="0" failures="1">
  <properties>
[...]
</properties>
  <testcase name="checkVideoDisplayed" classname="FrameTest" time="0.079"/>
  <testcase name="checkVideoPlayed" classname="FrameTest" time="9.484"/>
  <testcase name="checkLinkAvailability" classname="WorkPageTest" time="6.894">
    <failure message="check the link http://infopark.by/news/2010/11/25/art response code: 403 expected [true] but found [false]" type="java.lang.AssertionError">java.lang.AssertionError: check the link http://infopark.by/news/2010/11/25/art response code: 403 expected [true] but found [false]
	at WorkPageTest.lambda$checkLinkAvailability$0(WorkPageTest.java:29)
	at WorkPageTest.checkLinkAvailability(WorkPageTest.java:29)
</failure>
  </testcase>
</testsuite>