-------------------------------------------------------------------------------
Test set: TestSuite
-------------------------------------------------------------------------------
Tests run: 3, Failures: 1, Errors: 0, Skipped: 0, Time elapsed: 21.072 s <<< FAILURE! - in TestSuite
checkLinkAvailability(WorkPageTest)  Time elapsed: 6.894 s  <<< FAILURE!
java.lang.AssertionError: check the link http://infopark.by/news/2010/11/25/art response code: 403 expected [true] but found [false]
	at WorkPageTest.lambda$checkLinkAvailability$0(WorkPageTest.java:29)
	at WorkPageTest.checkLinkAvailability(WorkPageTest.java:29)

